2020-04-13 17:21:06,125 [Worker-1: Loading available Gradle versions] INFO  o.e.b.c.i.u.g.PublishedGradleVersions - Gradle version information cache is out-of-date. Trying to update.
2020-04-13 17:50:54,355 [Worker-8: Creating project "junit"] INFO  o.e.m.c.i.l.LifecycleMappingFactory - Using org.eclipse.m2e.jdt.JarLifecycleMapping lifecycle mapping for MavenProject: com.junitmock:junit:0.0.1-SNAPSHOT @ C:\Users\justa\eclipse-workspace\JUnit-Mockito_Powermock\junit\pom.xml.
2020-04-13 17:50:54,860 [Worker-8: Creating project "junit"] INFO  o.e.m.j.i.AbstractJavaProjectConfigurator - Adding source folder /junit/src/main/java
2020-04-13 17:50:54,861 [Worker-8: Creating project "junit"] INFO  o.e.m.j.i.AbstractJavaProjectConfigurator - Adding resource folder /junit/src/main/resources
2020-04-13 17:50:54,863 [Worker-8: Creating project "junit"] INFO  o.e.m.j.i.AbstractJavaProjectConfigurator - Adding source folder /junit/src/test/java
2020-04-13 17:50:54,864 [Worker-8: Creating project "junit"] INFO  o.e.m.j.i.AbstractJavaProjectConfigurator - Adding resource folder /junit/src/test/resources
2020-04-13 17:50:56,050 [Worker-2: Building] WARN  o.e.m.c.i.embedder.EclipseLogger - Using platform encoding (Cp1252 actually) to copy filtered resources, i.e. build is platform dependent!
2020-04-13 17:50:56,063 [Worker-2: Building] INFO  o.e.m.c.i.embedder.EclipseLogger - Copying 0 resource
2020-04-13 17:50:56,066 [Worker-2: Building] WARN  o.e.m.c.i.embedder.EclipseLogger - Using platform encoding (Cp1252 actually) to copy filtered resources, i.e. build is platform dependent!
2020-04-13 17:50:56,076 [Worker-2: Building] INFO  o.e.m.c.i.embedder.EclipseLogger - Copying 0 resource
2020-04-13 17:58:39,133 [Worker-22: Building] WARN  o.e.m.c.i.embedder.EclipseLogger - Using platform encoding (Cp1252 actually) to copy filtered resources, i.e. build is platform dependent!
2020-04-13 17:58:39,151 [Worker-22: Building] INFO  o.e.m.c.i.embedder.EclipseLogger - Copying 0 resource
2020-04-13 17:58:39,154 [Worker-22: Building] WARN  o.e.m.c.i.embedder.EclipseLogger - Using platform encoding (Cp1252 actually) to copy filtered resources, i.e. build is platform dependent!
2020-04-13 17:58:39,169 [Worker-22: Building] INFO  o.e.m.c.i.embedder.EclipseLogger - Copying 0 resource
2020-04-13 18:02:55,831 [Worker-9: Building] WARN  o.e.m.c.i.embedder.EclipseLogger - Using platform encoding (Cp1252 actually) to copy filtered resources, i.e. build is platform dependent!
2020-04-13 18:02:55,841 [Worker-9: Building] INFO  o.e.m.c.i.embedder.EclipseLogger - Copying 0 resource
2020-04-13 18:02:55,843 [Worker-9: Building] WARN  o.e.m.c.i.embedder.EclipseLogger - Using platform encoding (Cp1252 actually) to copy filtered resources, i.e. build is platform dependent!
2020-04-13 18:02:55,854 [Worker-9: Building] INFO  o.e.m.c.i.embedder.EclipseLogger - Copying 0 resource
2020-04-13 18:07:36,043 [Worker-25: Building] WARN  o.e.m.c.i.embedder.EclipseLogger - Using platform encoding (Cp1252 actually) to copy filtered resources, i.e. build is platform dependent!
2020-04-13 18:07:36,054 [Worker-25: Building] INFO  o.e.m.c.i.embedder.EclipseLogger - Copying 0 resource
2020-04-13 18:07:36,056 [Worker-25: Building] WARN  o.e.m.c.i.embedder.EclipseLogger - Using platform encoding (Cp1252 actually) to copy filtered resources, i.e. build is platform dependent!
2020-04-13 18:07:36,066 [Worker-25: Building] INFO  o.e.m.c.i.embedder.EclipseLogger - Copying 0 resource
2020-04-13 18:08:50,423 [Worker-20: Building] WARN  o.e.m.c.i.embedder.EclipseLogger - Using platform encoding (Cp1252 actually) to copy filtered resources, i.e. build is platform dependent!
2020-04-13 18:08:50,432 [Worker-20: Building] INFO  o.e.m.c.i.embedder.EclipseLogger - Copying 0 resource
2020-04-13 18:08:50,434 [Worker-20: Building] WARN  o.e.m.c.i.embedder.EclipseLogger - Using platform encoding (Cp1252 actually) to copy filtered resources, i.e. build is platform dependent!
2020-04-13 18:08:50,444 [Worker-20: Building] INFO  o.e.m.c.i.embedder.EclipseLogger - Copying 0 resource
2020-04-13 18:11:11,273 [Worker-24: Building] WARN  o.e.m.c.i.embedder.EclipseLogger - Using platform encoding (Cp1252 actually) to copy filtered resources, i.e. build is platform dependent!
2020-04-13 18:11:11,283 [Worker-24: Building] INFO  o.e.m.c.i.embedder.EclipseLogger - Copying 0 resource
2020-04-13 18:11:11,284 [Worker-24: Building] WARN  o.e.m.c.i.embedder.EclipseLogger - Using platform encoding (Cp1252 actually) to copy filtered resources, i.e. build is platform dependent!
2020-04-13 18:11:11,293 [Worker-24: Building] INFO  o.e.m.c.i.embedder.EclipseLogger - Copying 0 resource
2020-04-13 18:12:48,730 [Worker-27: Launching StringHelperTest] WARN  o.e.m.c.i.embedder.EclipseLogger - Using platform encoding (Cp1252 actually) to copy filtered resources, i.e. build is platform dependent!
2020-04-13 18:12:48,742 [Worker-27: Launching StringHelperTest] INFO  o.e.m.c.i.embedder.EclipseLogger - Copying 0 resource
2020-04-13 18:12:48,744 [Worker-27: Launching StringHelperTest] WARN  o.e.m.c.i.embedder.EclipseLogger - Using platform encoding (Cp1252 actually) to copy filtered resources, i.e. build is platform dependent!
2020-04-13 18:12:48,755 [Worker-27: Launching StringHelperTest] INFO  o.e.m.c.i.embedder.EclipseLogger - Copying 0 resource
2020-04-13 18:15:28,324 [Worker-24: Building] WARN  o.e.m.c.i.embedder.EclipseLogger - Using platform encoding (Cp1252 actually) to copy filtered resources, i.e. build is platform dependent!
2020-04-13 18:15:28,333 [Worker-24: Building] INFO  o.e.m.c.i.embedder.EclipseLogger - Copying 0 resource
2020-04-13 18:15:28,336 [Worker-24: Building] WARN  o.e.m.c.i.embedder.EclipseLogger - Using platform encoding (Cp1252 actually) to copy filtered resources, i.e. build is platform dependent!
2020-04-13 18:15:28,345 [Worker-24: Building] INFO  o.e.m.c.i.embedder.EclipseLogger - Copying 0 resource
2020-04-13 18:30:23,927 [Worker-27: Building] WARN  o.e.m.c.i.embedder.EclipseLogger - Using platform encoding (Cp1252 actually) to copy filtered resources, i.e. build is platform dependent!
2020-04-13 18:30:23,936 [Worker-27: Building] INFO  o.e.m.c.i.embedder.EclipseLogger - Copying 0 resource
2020-04-13 18:30:23,938 [Worker-27: Building] WARN  o.e.m.c.i.embedder.EclipseLogger - Using platform encoding (Cp1252 actually) to copy filtered resources, i.e. build is platform dependent!
2020-04-13 18:30:23,946 [Worker-27: Building] INFO  o.e.m.c.i.embedder.EclipseLogger - Copying 0 resource
2020-04-13 18:30:42,862 [Worker-24: Building] WARN  o.e.m.c.i.embedder.EclipseLogger - Using platform encoding (Cp1252 actually) to copy filtered resources, i.e. build is platform dependent!
2020-04-13 18:30:42,871 [Worker-24: Building] INFO  o.e.m.c.i.embedder.EclipseLogger - Copying 0 resource
2020-04-13 18:30:42,872 [Worker-24: Building] WARN  o.e.m.c.i.embedder.EclipseLogger - Using platform encoding (Cp1252 actually) to copy filtered resources, i.e. build is platform dependent!
2020-04-13 18:30:42,881 [Worker-24: Building] INFO  o.e.m.c.i.embedder.EclipseLogger - Copying 0 resource
2020-04-13 18:31:08,655 [Worker-26: Building] WARN  o.e.m.c.i.embedder.EclipseLogger - Using platform encoding (Cp1252 actually) to copy filtered resources, i.e. build is platform dependent!
2020-04-13 18:31:08,665 [Worker-26: Building] INFO  o.e.m.c.i.embedder.EclipseLogger - Copying 0 resource
2020-04-13 18:31:08,666 [Worker-26: Building] WARN  o.e.m.c.i.embedder.EclipseLogger - Using platform encoding (Cp1252 actually) to copy filtered resources, i.e. build is platform dependent!
2020-04-13 18:31:08,674 [Worker-26: Building] INFO  o.e.m.c.i.embedder.EclipseLogger - Copying 0 resource
2020-04-13 18:31:18,243 [Worker-27: Building] WARN  o.e.m.c.i.embedder.EclipseLogger - Using platform encoding (Cp1252 actually) to copy filtered resources, i.e. build is platform dependent!
2020-04-13 18:31:18,251 [Worker-27: Building] INFO  o.e.m.c.i.embedder.EclipseLogger - Copying 0 resource
2020-04-13 18:31:18,253 [Worker-27: Building] WARN  o.e.m.c.i.embedder.EclipseLogger - Using platform encoding (Cp1252 actually) to copy filtered resources, i.e. build is platform dependent!
2020-04-13 18:31:18,261 [Worker-27: Building] INFO  o.e.m.c.i.embedder.EclipseLogger - Copying 0 resource
2020-04-13 18:31:33,647 [Worker-26: Building] WARN  o.e.m.c.i.embedder.EclipseLogger - Using platform encoding (Cp1252 actually) to copy filtered resources, i.e. build is platform dependent!
2020-04-13 18:31:33,655 [Worker-26: Building] INFO  o.e.m.c.i.embedder.EclipseLogger - Copying 0 resource
2020-04-13 18:31:33,657 [Worker-26: Building] WARN  o.e.m.c.i.embedder.EclipseLogger - Using platform encoding (Cp1252 actually) to copy filtered resources, i.e. build is platform dependent!
2020-04-13 18:31:33,666 [Worker-26: Building] INFO  o.e.m.c.i.embedder.EclipseLogger - Copying 0 resource
2020-04-13 18:31:34,731 [Worker-27: Building] WARN  o.e.m.c.i.embedder.EclipseLogger - Using platform encoding (Cp1252 actually) to copy filtered resources, i.e. build is platform dependent!
2020-04-13 18:31:34,740 [Worker-27: Building] INFO  o.e.m.c.i.embedder.EclipseLogger - Copying 0 resource
2020-04-13 18:31:34,741 [Worker-27: Building] WARN  o.e.m.c.i.embedder.EclipseLogger - Using platform encoding (Cp1252 actually) to copy filtered resources, i.e. build is platform dependent!
2020-04-13 18:31:34,749 [Worker-27: Building] INFO  o.e.m.c.i.embedder.EclipseLogger - Copying 0 resource
2020-04-13 18:32:34,627 [Worker-22: Launching StringHelperTest] WARN  o.e.m.c.i.embedder.EclipseLogger - Using platform encoding (Cp1252 actually) to copy filtered resources, i.e. build is platform dependent!
2020-04-13 18:32:34,638 [Worker-22: Launching StringHelperTest] INFO  o.e.m.c.i.embedder.EclipseLogger - Copying 0 resource
2020-04-13 18:32:34,640 [Worker-22: Launching StringHelperTest] WARN  o.e.m.c.i.embedder.EclipseLogger - Using platform encoding (Cp1252 actually) to copy filtered resources, i.e. build is platform dependent!
2020-04-13 18:32:34,649 [Worker-22: Launching StringHelperTest] INFO  o.e.m.c.i.embedder.EclipseLogger - Copying 0 resource
2020-04-13 18:35:00,162 [Worker-22: Building] WARN  o.e.m.c.i.embedder.EclipseLogger - Using platform encoding (Cp1252 actually) to copy filtered resources, i.e. build is platform dependent!
2020-04-13 18:35:00,171 [Worker-22: Building] INFO  o.e.m.c.i.embedder.EclipseLogger - Copying 0 resource
2020-04-13 18:35:00,173 [Worker-22: Building] WARN  o.e.m.c.i.embedder.EclipseLogger - Using platform encoding (Cp1252 actually) to copy filtered resources, i.e. build is platform dependent!
2020-04-13 18:35:00,181 [Worker-22: Building] INFO  o.e.m.c.i.embedder.EclipseLogger - Copying 0 resource
2020-04-13 18:35:06,313 [Worker-22: Building] WARN  o.e.m.c.i.embedder.EclipseLogger - Using platform encoding (Cp1252 actually) to copy filtered resources, i.e. build is platform dependent!
2020-04-13 18:35:06,321 [Worker-22: Building] INFO  o.e.m.c.i.embedder.EclipseLogger - Copying 0 resource
2020-04-13 18:35:06,322 [Worker-22: Building] WARN  o.e.m.c.i.embedder.EclipseLogger - Using platform encoding (Cp1252 actually) to copy filtered resources, i.e. build is platform dependent!
2020-04-13 18:35:06,331 [Worker-22: Building] INFO  o.e.m.c.i.embedder.EclipseLogger - Copying 0 resource
2020-04-13 18:35:13,108 [Worker-27: Building] WARN  o.e.m.c.i.embedder.EclipseLogger - Using platform encoding (Cp1252 actually) to copy filtered resources, i.e. build is platform dependent!
2020-04-13 18:35:13,117 [Worker-27: Building] INFO  o.e.m.c.i.embedder.EclipseLogger - Copying 0 resource
2020-04-13 18:35:13,118 [Worker-27: Building] WARN  o.e.m.c.i.embedder.EclipseLogger - Using platform encoding (Cp1252 actually) to copy filtered resources, i.e. build is platform dependent!
2020-04-13 18:35:13,127 [Worker-27: Building] INFO  o.e.m.c.i.embedder.EclipseLogger - Copying 0 resource
2020-04-13 18:35:27,984 [Worker-27: Building] WARN  o.e.m.c.i.embedder.EclipseLogger - Using platform encoding (Cp1252 actually) to copy filtered resources, i.e. build is platform dependent!
2020-04-13 18:35:27,993 [Worker-27: Building] INFO  o.e.m.c.i.embedder.EclipseLogger - Copying 0 resource
2020-04-13 18:35:27,995 [Worker-27: Building] WARN  o.e.m.c.i.embedder.EclipseLogger - Using platform encoding (Cp1252 actually) to copy filtered resources, i.e. build is platform dependent!
2020-04-13 18:35:28,004 [Worker-27: Building] INFO  o.e.m.c.i.embedder.EclipseLogger - Copying 0 resource
2020-04-13 18:35:29,097 [Worker-22: Building] WARN  o.e.m.c.i.embedder.EclipseLogger - Using platform encoding (Cp1252 actually) to copy filtered resources, i.e. build is platform dependent!
2020-04-13 18:35:29,106 [Worker-22: Building] INFO  o.e.m.c.i.embedder.EclipseLogger - Copying 0 resource
2020-04-13 18:35:29,108 [Worker-22: Building] WARN  o.e.m.c.i.embedder.EclipseLogger - Using platform encoding (Cp1252 actually) to copy filtered resources, i.e. build is platform dependent!
2020-04-13 18:35:29,117 [Worker-22: Building] INFO  o.e.m.c.i.embedder.EclipseLogger - Copying 0 resource
2020-04-13 18:35:32,982 [Worker-26: Building] WARN  o.e.m.c.i.embedder.EclipseLogger - Using platform encoding (Cp1252 actually) to copy filtered resources, i.e. build is platform dependent!
2020-04-13 18:35:33,008 [Worker-26: Building] INFO  o.e.m.c.i.embedder.EclipseLogger - Copying 0 resource
2020-04-13 18:35:33,011 [Worker-26: Building] WARN  o.e.m.c.i.embedder.EclipseLogger - Using platform encoding (Cp1252 actually) to copy filtered resources, i.e. build is platform dependent!
2020-04-13 18:35:33,034 [Worker-26: Building] INFO  o.e.m.c.i.embedder.EclipseLogger - Copying 0 resource
2020-04-13 18:38:09,652 [Worker-30: Building] WARN  o.e.m.c.i.embedder.EclipseLogger - Using platform encoding (Cp1252 actually) to copy filtered resources, i.e. build is platform dependent!
2020-04-13 18:38:09,662 [Worker-30: Building] INFO  o.e.m.c.i.embedder.EclipseLogger - Copying 0 resource
2020-04-13 18:38:09,664 [Worker-30: Building] WARN  o.e.m.c.i.embedder.EclipseLogger - Using platform encoding (Cp1252 actually) to copy filtered resources, i.e. build is platform dependent!
2020-04-13 18:38:09,674 [Worker-30: Building] INFO  o.e.m.c.i.embedder.EclipseLogger - Copying 0 resource
2020-04-13 18:41:21,510 [Worker-27: Launching StringHelperTest] WARN  o.e.m.c.i.embedder.EclipseLogger - Using platform encoding (Cp1252 actually) to copy filtered resources, i.e. build is platform dependent!
2020-04-13 18:41:21,520 [Worker-27: Launching StringHelperTest] INFO  o.e.m.c.i.embedder.EclipseLogger - Copying 0 resource
2020-04-13 18:41:21,521 [Worker-27: Launching StringHelperTest] WARN  o.e.m.c.i.embedder.EclipseLogger - Using platform encoding (Cp1252 actually) to copy filtered resources, i.e. build is platform dependent!
2020-04-13 18:41:21,532 [Worker-27: Launching StringHelperTest] INFO  o.e.m.c.i.embedder.EclipseLogger - Copying 0 resource
2020-04-13 18:42:29,681 [Worker-24: Building] WARN  o.e.m.c.i.embedder.EclipseLogger - Using platform encoding (Cp1252 actually) to copy filtered resources, i.e. build is platform dependent!
2020-04-13 18:42:29,689 [Worker-24: Building] INFO  o.e.m.c.i.embedder.EclipseLogger - Copying 0 resource
2020-04-13 18:42:29,690 [Worker-24: Building] WARN  o.e.m.c.i.embedder.EclipseLogger - Using platform encoding (Cp1252 actually) to copy filtered resources, i.e. build is platform dependent!
2020-04-13 18:42:29,698 [Worker-24: Building] INFO  o.e.m.c.i.embedder.EclipseLogger - Copying 0 resource
2020-04-13 18:43:11,934 [Worker-22: Launching StringHelperTest.testTruncateAInFirst2Positions_AInFirstPosition] WARN  o.e.m.c.i.embedder.EclipseLogger - Using platform encoding (Cp1252 actually) to copy filtered resources, i.e. build is platform dependent!
2020-04-13 18:43:11,944 [Worker-22: Launching StringHelperTest.testTruncateAInFirst2Positions_AInFirstPosition] INFO  o.e.m.c.i.embedder.EclipseLogger - Copying 0 resource
2020-04-13 18:43:11,945 [Worker-22: Launching StringHelperTest.testTruncateAInFirst2Positions_AInFirstPosition] WARN  o.e.m.c.i.embedder.EclipseLogger - Using platform encoding (Cp1252 actually) to copy filtered resources, i.e. build is platform dependent!
2020-04-13 18:43:11,953 [Worker-22: Launching StringHelperTest.testTruncateAInFirst2Positions_AInFirstPosition] INFO  o.e.m.c.i.embedder.EclipseLogger - Copying 0 resource
2020-04-13 18:45:54,205 [Worker-31: Launching StringHelperTest] WARN  o.e.m.c.i.embedder.EclipseLogger - Using platform encoding (Cp1252 actually) to copy filtered resources, i.e. build is platform dependent!
2020-04-13 18:45:54,213 [Worker-31: Launching StringHelperTest] INFO  o.e.m.c.i.embedder.EclipseLogger - Copying 0 resource
2020-04-13 18:45:54,215 [Worker-31: Launching StringHelperTest] WARN  o.e.m.c.i.embedder.EclipseLogger - Using platform encoding (Cp1252 actually) to copy filtered resources, i.e. build is platform dependent!
2020-04-13 18:45:54,223 [Worker-31: Launching StringHelperTest] INFO  o.e.m.c.i.embedder.EclipseLogger - Copying 0 resource
2020-04-13 18:48:52,046 [Worker-31: Launching StringHelperTest] WARN  o.e.m.c.i.embedder.EclipseLogger - Using platform encoding (Cp1252 actually) to copy filtered resources, i.e. build is platform dependent!
2020-04-13 18:48:52,055 [Worker-31: Launching StringHelperTest] INFO  o.e.m.c.i.embedder.EclipseLogger - Copying 0 resource
2020-04-13 18:48:52,057 [Worker-31: Launching StringHelperTest] WARN  o.e.m.c.i.embedder.EclipseLogger - Using platform encoding (Cp1252 actually) to copy filtered resources, i.e. build is platform dependent!
2020-04-13 18:48:52,066 [Worker-31: Launching StringHelperTest] INFO  o.e.m.c.i.embedder.EclipseLogger - Copying 0 resource
2020-04-13 18:49:12,843 [Worker-32: Launching StringHelperTest] WARN  o.e.m.c.i.embedder.EclipseLogger - Using platform encoding (Cp1252 actually) to copy filtered resources, i.e. build is platform dependent!
2020-04-13 18:49:12,852 [Worker-32: Launching StringHelperTest] INFO  o.e.m.c.i.embedder.EclipseLogger - Copying 0 resource
2020-04-13 18:49:12,854 [Worker-32: Launching StringHelperTest] WARN  o.e.m.c.i.embedder.EclipseLogger - Using platform encoding (Cp1252 actually) to copy filtered resources, i.e. build is platform dependent!
2020-04-13 18:49:12,863 [Worker-32: Launching StringHelperTest] INFO  o.e.m.c.i.embedder.EclipseLogger - Copying 0 resource
2020-04-13 18:49:23,140 [Worker-30: Launching StringHelperTest] WARN  o.e.m.c.i.embedder.EclipseLogger - Using platform encoding (Cp1252 actually) to copy filtered resources, i.e. build is platform dependent!
2020-04-13 18:49:23,149 [Worker-30: Launching StringHelperTest] INFO  o.e.m.c.i.embedder.EclipseLogger - Copying 0 resource
2020-04-13 18:49:23,151 [Worker-30: Launching StringHelperTest] WARN  o.e.m.c.i.embedder.EclipseLogger - Using platform encoding (Cp1252 actually) to copy filtered resources, i.e. build is platform dependent!
2020-04-13 18:49:23,159 [Worker-30: Launching StringHelperTest] INFO  o.e.m.c.i.embedder.EclipseLogger - Copying 0 resource
2020-04-13 18:49:39,199 [Worker-26: Launching StringHelperTest] WARN  o.e.m.c.i.embedder.EclipseLogger - Using platform encoding (Cp1252 actually) to copy filtered resources, i.e. build is platform dependent!
2020-04-13 18:49:39,209 [Worker-26: Launching StringHelperTest] INFO  o.e.m.c.i.embedder.EclipseLogger - Copying 0 resource
2020-04-13 18:49:39,210 [Worker-26: Launching StringHelperTest] WARN  o.e.m.c.i.embedder.EclipseLogger - Using platform encoding (Cp1252 actually) to copy filtered resources, i.e. build is platform dependent!
2020-04-13 18:49:39,220 [Worker-26: Launching StringHelperTest] INFO  o.e.m.c.i.embedder.EclipseLogger - Copying 0 resource
2020-04-13 19:01:33,307 [Worker-29: Building] WARN  o.e.m.c.i.embedder.EclipseLogger - Using platform encoding (Cp1252 actually) to copy filtered resources, i.e. build is platform dependent!
2020-04-13 19:01:33,318 [Worker-29: Building] INFO  o.e.m.c.i.embedder.EclipseLogger - Copying 0 resource
2020-04-13 19:01:33,319 [Worker-29: Building] WARN  o.e.m.c.i.embedder.EclipseLogger - Using platform encoding (Cp1252 actually) to copy filtered resources, i.e. build is platform dependent!
2020-04-13 19:01:33,328 [Worker-29: Building] INFO  o.e.m.c.i.embedder.EclipseLogger - Copying 0 resource
2020-04-13 19:05:55,166 [Worker-33: Launching StringHelperTest] WARN  o.e.m.c.i.embedder.EclipseLogger - Using platform encoding (Cp1252 actually) to copy filtered resources, i.e. build is platform dependent!
2020-04-13 19:05:55,177 [Worker-33: Launching StringHelperTest] INFO  o.e.m.c.i.embedder.EclipseLogger - Copying 0 resource
2020-04-13 19:05:55,178 [Worker-33: Launching StringHelperTest] WARN  o.e.m.c.i.embedder.EclipseLogger - Using platform encoding (Cp1252 actually) to copy filtered resources, i.e. build is platform dependent!
2020-04-13 19:05:55,188 [Worker-33: Launching StringHelperTest] INFO  o.e.m.c.i.embedder.EclipseLogger - Copying 0 resource
2020-04-13 19:06:13,809 [Worker-31: Launching StringHelperTest] WARN  o.e.m.c.i.embedder.EclipseLogger - Using platform encoding (Cp1252 actually) to copy filtered resources, i.e. build is platform dependent!
2020-04-13 19:06:13,818 [Worker-31: Launching StringHelperTest] INFO  o.e.m.c.i.embedder.EclipseLogger - Copying 0 resource
2020-04-13 19:06:13,820 [Worker-31: Launching StringHelperTest] WARN  o.e.m.c.i.embedder.EclipseLogger - Using platform encoding (Cp1252 actually) to copy filtered resources, i.e. build is platform dependent!
2020-04-13 19:06:13,829 [Worker-31: Launching StringHelperTest] INFO  o.e.m.c.i.embedder.EclipseLogger - Copying 0 resource
2020-04-13 19:07:11,012 [Worker-33: Launching StringHelperTest] WARN  o.e.m.c.i.embedder.EclipseLogger - Using platform encoding (Cp1252 actually) to copy filtered resources, i.e. build is platform dependent!
2020-04-13 19:07:11,028 [Worker-33: Launching StringHelperTest] INFO  o.e.m.c.i.embedder.EclipseLogger - Copying 0 resource
2020-04-13 19:07:11,029 [Worker-33: Launching StringHelperTest] WARN  o.e.m.c.i.embedder.EclipseLogger - Using platform encoding (Cp1252 actually) to copy filtered resources, i.e. build is platform dependent!
2020-04-13 19:07:11,049 [Worker-33: Launching StringHelperTest] INFO  o.e.m.c.i.embedder.EclipseLogger - Copying 0 resource
2020-04-13 19:07:18,649 [Worker-30: Building] WARN  o.e.m.c.i.embedder.EclipseLogger - Using platform encoding (Cp1252 actually) to copy filtered resources, i.e. build is platform dependent!
2020-04-13 19:07:18,658 [Worker-30: Building] INFO  o.e.m.c.i.embedder.EclipseLogger - Copying 0 resource
2020-04-13 19:07:18,660 [Worker-30: Building] WARN  o.e.m.c.i.embedder.EclipseLogger - Using platform encoding (Cp1252 actually) to copy filtered resources, i.e. build is platform dependent!
2020-04-13 19:07:18,668 [Worker-30: Building] INFO  o.e.m.c.i.embedder.EclipseLogger - Copying 0 resource
2020-04-13 19:07:24,895 [Worker-33: Building] WARN  o.e.m.c.i.embedder.EclipseLogger - Using platform encoding (Cp1252 actually) to copy filtered resources, i.e. build is platform dependent!
2020-04-13 19:07:24,904 [Worker-33: Building] INFO  o.e.m.c.i.embedder.EclipseLogger - Copying 0 resource
2020-04-13 19:07:24,905 [Worker-33: Building] WARN  o.e.m.c.i.embedder.EclipseLogger - Using platform encoding (Cp1252 actually) to copy filtered resources, i.e. build is platform dependent!
2020-04-13 19:07:24,914 [Worker-33: Building] INFO  o.e.m.c.i.embedder.EclipseLogger - Copying 0 resource
2020-04-13 19:09:25,103 [Worker-29: Launching StringHelperTest] WARN  o.e.m.c.i.embedder.EclipseLogger - Using platform encoding (Cp1252 actually) to copy filtered resources, i.e. build is platform dependent!
2020-04-13 19:09:25,121 [Worker-29: Launching StringHelperTest] INFO  o.e.m.c.i.embedder.EclipseLogger - Copying 0 resource
2020-04-13 19:09:25,122 [Worker-29: Launching StringHelperTest] WARN  o.e.m.c.i.embedder.EclipseLogger - Using platform encoding (Cp1252 actually) to copy filtered resources, i.e. build is platform dependent!
2020-04-13 19:09:25,140 [Worker-29: Launching StringHelperTest] INFO  o.e.m.c.i.embedder.EclipseLogger - Copying 0 resource
2020-04-13 19:16:37,569 [Worker-29: Building] WARN  o.e.m.c.i.embedder.EclipseLogger - Using platform encoding (Cp1252 actually) to copy filtered resources, i.e. build is platform dependent!
2020-04-13 19:16:37,578 [Worker-29: Building] INFO  o.e.m.c.i.embedder.EclipseLogger - Copying 0 resource
2020-04-13 19:16:37,579 [Worker-29: Building] WARN  o.e.m.c.i.embedder.EclipseLogger - Using platform encoding (Cp1252 actually) to copy filtered resources, i.e. build is platform dependent!
2020-04-13 19:16:37,588 [Worker-29: Building] INFO  o.e.m.c.i.embedder.EclipseLogger - Copying 0 resource
2020-04-13 19:17:09,215 [Worker-35: Launching StringHelperTest] WARN  o.e.m.c.i.embedder.EclipseLogger - Using platform encoding (Cp1252 actually) to copy filtered resources, i.e. build is platform dependent!
2020-04-13 19:17:09,226 [Worker-35: Launching StringHelperTest] INFO  o.e.m.c.i.embedder.EclipseLogger - Copying 0 resource
2020-04-13 19:17:09,227 [Worker-35: Launching StringHelperTest] WARN  o.e.m.c.i.embedder.EclipseLogger - Using platform encoding (Cp1252 actually) to copy filtered resources, i.e. build is platform dependent!
2020-04-13 19:17:09,236 [Worker-35: Launching StringHelperTest] INFO  o.e.m.c.i.embedder.EclipseLogger - Copying 0 resource
2020-04-13 19:17:19,198 [Worker-29: Building] WARN  o.e.m.c.i.embedder.EclipseLogger - Using platform encoding (Cp1252 actually) to copy filtered resources, i.e. build is platform dependent!
2020-04-13 19:17:19,206 [Worker-29: Building] INFO  o.e.m.c.i.embedder.EclipseLogger - Copying 0 resource
2020-04-13 19:17:19,207 [Worker-29: Building] WARN  o.e.m.c.i.embedder.EclipseLogger - Using platform encoding (Cp1252 actually) to copy filtered resources, i.e. build is platform dependent!
2020-04-13 19:17:19,216 [Worker-29: Building] INFO  o.e.m.c.i.embedder.EclipseLogger - Copying 0 resource
2020-04-13 19:30:15,562 [Worker-38: Launching StringHelperTest] WARN  o.e.m.c.i.embedder.EclipseLogger - Using platform encoding (Cp1252 actually) to copy filtered resources, i.e. build is platform dependent!
2020-04-13 19:30:15,574 [Worker-38: Launching StringHelperTest] INFO  o.e.m.c.i.embedder.EclipseLogger - Copying 0 resource
2020-04-13 19:30:15,575 [Worker-38: Launching StringHelperTest] WARN  o.e.m.c.i.embedder.EclipseLogger - Using platform encoding (Cp1252 actually) to copy filtered resources, i.e. build is platform dependent!
2020-04-13 19:30:15,585 [Worker-38: Launching StringHelperTest] INFO  o.e.m.c.i.embedder.EclipseLogger - Copying 0 resource
2020-04-13 19:30:36,230 [Worker-41: Launching StringHelperTest] WARN  o.e.m.c.i.embedder.EclipseLogger - Using platform encoding (Cp1252 actually) to copy filtered resources, i.e. build is platform dependent!
2020-04-13 19:30:36,241 [Worker-41: Launching StringHelperTest] INFO  o.e.m.c.i.embedder.EclipseLogger - Copying 0 resource
2020-04-13 19:30:36,242 [Worker-41: Launching StringHelperTest] WARN  o.e.m.c.i.embedder.EclipseLogger - Using platform encoding (Cp1252 actually) to copy filtered resources, i.e. build is platform dependent!
2020-04-13 19:30:36,252 [Worker-41: Launching StringHelperTest] INFO  o.e.m.c.i.embedder.EclipseLogger - Copying 0 resource
2020-04-14 17:50:17,810 [Worker-154: Building] WARN  o.e.m.c.i.embedder.EclipseLogger - Using platform encoding (Cp1252 actually) to copy filtered resources, i.e. build is platform dependent!
2020-04-14 17:50:17,828 [Worker-154: Building] INFO  o.e.m.c.i.embedder.EclipseLogger - Copying 0 resource
2020-04-14 17:50:17,830 [Worker-154: Building] WARN  o.e.m.c.i.embedder.EclipseLogger - Using platform encoding (Cp1252 actually) to copy filtered resources, i.e. build is platform dependent!
2020-04-14 17:50:17,840 [Worker-154: Building] INFO  o.e.m.c.i.embedder.EclipseLogger - Copying 0 resource
2020-04-14 17:50:35,566 [Worker-154: Launching QuickBeforeAfterTest] WARN  o.e.m.c.i.embedder.EclipseLogger - Using platform encoding (Cp1252 actually) to copy filtered resources, i.e. build is platform dependent!
2020-04-14 17:50:35,575 [Worker-154: Launching QuickBeforeAfterTest] INFO  o.e.m.c.i.embedder.EclipseLogger - Copying 0 resource
2020-04-14 17:50:35,576 [Worker-154: Launching QuickBeforeAfterTest] WARN  o.e.m.c.i.embedder.EclipseLogger - Using platform encoding (Cp1252 actually) to copy filtered resources, i.e. build is platform dependent!
2020-04-14 17:50:35,585 [Worker-154: Launching QuickBeforeAfterTest] INFO  o.e.m.c.i.embedder.EclipseLogger - Copying 0 resource
2020-04-14 17:52:24,048 [Worker-138: Launching QuickBeforeAfterTest] WARN  o.e.m.c.i.embedder.EclipseLogger - Using platform encoding (Cp1252 actually) to copy filtered resources, i.e. build is platform dependent!
2020-04-14 17:52:24,057 [Worker-138: Launching QuickBeforeAfterTest] INFO  o.e.m.c.i.embedder.EclipseLogger - Copying 0 resource
2020-04-14 17:52:24,059 [Worker-138: Launching QuickBeforeAfterTest] WARN  o.e.m.c.i.embedder.EclipseLogger - Using platform encoding (Cp1252 actually) to copy filtered resources, i.e. build is platform dependent!
2020-04-14 17:52:24,068 [Worker-138: Launching QuickBeforeAfterTest] INFO  o.e.m.c.i.embedder.EclipseLogger - Copying 0 resource
2020-04-14 17:55:07,320 [Worker-149: Launching QuickBeforeAfterTest] WARN  o.e.m.c.i.embedder.EclipseLogger - Using platform encoding (Cp1252 actually) to copy filtered resources, i.e. build is platform dependent!
2020-04-14 17:55:07,332 [Worker-149: Launching QuickBeforeAfterTest] INFO  o.e.m.c.i.embedder.EclipseLogger - Copying 0 resource
2020-04-14 17:55:07,334 [Worker-149: Launching QuickBeforeAfterTest] WARN  o.e.m.c.i.embedder.EclipseLogger - Using platform encoding (Cp1252 actually) to copy filtered resources, i.e. build is platform dependent!
2020-04-14 17:55:07,348 [Worker-149: Launching QuickBeforeAfterTest] INFO  o.e.m.c.i.embedder.EclipseLogger - Copying 0 resource
2020-04-14 18:01:02,702 [Worker-161: Building] WARN  o.e.m.c.i.embedder.EclipseLogger - Using platform encoding (Cp1252 actually) to copy filtered resources, i.e. build is platform dependent!
2020-04-14 18:01:02,713 [Worker-161: Building] INFO  o.e.m.c.i.embedder.EclipseLogger - Copying 0 resource
2020-04-14 18:01:02,715 [Worker-161: Building] WARN  o.e.m.c.i.embedder.EclipseLogger - Using platform encoding (Cp1252 actually) to copy filtered resources, i.e. build is platform dependent!
2020-04-14 18:01:02,725 [Worker-161: Building] INFO  o.e.m.c.i.embedder.EclipseLogger - Copying 0 resource
2020-04-14 18:01:41,135 [Worker-161: Launching QuickBeforeAfterTest] WARN  o.e.m.c.i.embedder.EclipseLogger - Using platform encoding (Cp1252 actually) to copy filtered resources, i.e. build is platform dependent!
2020-04-14 18:01:41,145 [Worker-161: Launching QuickBeforeAfterTest] INFO  o.e.m.c.i.embedder.EclipseLogger - Copying 0 resource
2020-04-14 18:01:41,146 [Worker-161: Launching QuickBeforeAfterTest] WARN  o.e.m.c.i.embedder.EclipseLogger - Using platform encoding (Cp1252 actually) to copy filtered resources, i.e. build is platform dependent!
2020-04-14 18:01:41,158 [Worker-161: Launching QuickBeforeAfterTest] INFO  o.e.m.c.i.embedder.EclipseLogger - Copying 0 resource
2020-04-14 18:02:45,924 [Worker-157: Building] WARN  o.e.m.c.i.embedder.EclipseLogger - Using platform encoding (Cp1252 actually) to copy filtered resources, i.e. build is platform dependent!
2020-04-14 18:02:45,935 [Worker-157: Building] INFO  o.e.m.c.i.embedder.EclipseLogger - Copying 0 resource
2020-04-14 18:02:45,936 [Worker-157: Building] WARN  o.e.m.c.i.embedder.EclipseLogger - Using platform encoding (Cp1252 actually) to copy filtered resources, i.e. build is platform dependent!
2020-04-14 18:02:45,945 [Worker-157: Building] INFO  o.e.m.c.i.embedder.EclipseLogger - Copying 0 resource
2020-04-14 18:04:20,881 [Worker-157: Building] WARN  o.e.m.c.i.embedder.EclipseLogger - Using platform encoding (Cp1252 actually) to copy filtered resources, i.e. build is platform dependent!
2020-04-14 18:04:20,890 [Worker-157: Building] INFO  o.e.m.c.i.embedder.EclipseLogger - Copying 0 resource
2020-04-14 18:04:20,891 [Worker-157: Building] WARN  o.e.m.c.i.embedder.EclipseLogger - Using platform encoding (Cp1252 actually) to copy filtered resources, i.e. build is platform dependent!
2020-04-14 18:04:20,900 [Worker-157: Building] INFO  o.e.m.c.i.embedder.EclipseLogger - Copying 0 resource
2020-04-14 18:08:46,486 [Worker-154: Launching ArraysCompareTest] WARN  o.e.m.c.i.embedder.EclipseLogger - Using platform encoding (Cp1252 actually) to copy filtered resources, i.e. build is platform dependent!
2020-04-14 18:08:46,496 [Worker-154: Launching ArraysCompareTest] INFO  o.e.m.c.i.embedder.EclipseLogger - Copying 0 resource
2020-04-14 18:08:46,498 [Worker-154: Launching ArraysCompareTest] WARN  o.e.m.c.i.embedder.EclipseLogger - Using platform encoding (Cp1252 actually) to copy filtered resources, i.e. build is platform dependent!
2020-04-14 18:08:46,506 [Worker-154: Launching ArraysCompareTest] INFO  o.e.m.c.i.embedder.EclipseLogger - Copying 0 resource
2020-04-14 18:10:18,888 [Worker-160: Building] WARN  o.e.m.c.i.embedder.EclipseLogger - Using platform encoding (Cp1252 actually) to copy filtered resources, i.e. build is platform dependent!
2020-04-14 18:10:18,899 [Worker-160: Building] INFO  o.e.m.c.i.embedder.EclipseLogger - Copying 0 resource
2020-04-14 18:10:18,901 [Worker-160: Building] WARN  o.e.m.c.i.embedder.EclipseLogger - Using platform encoding (Cp1252 actually) to copy filtered resources, i.e. build is platform dependent!
2020-04-14 18:10:18,911 [Worker-160: Building] INFO  o.e.m.c.i.embedder.EclipseLogger - Copying 0 resource
2020-04-14 18:10:31,756 [Worker-161: Building] WARN  o.e.m.c.i.embedder.EclipseLogger - Using platform encoding (Cp1252 actually) to copy filtered resources, i.e. build is platform dependent!
2020-04-14 18:10:31,764 [Worker-161: Building] INFO  o.e.m.c.i.embedder.EclipseLogger - Copying 0 resource
2020-04-14 18:10:31,765 [Worker-161: Building] WARN  o.e.m.c.i.embedder.EclipseLogger - Using platform encoding (Cp1252 actually) to copy filtered resources, i.e. build is platform dependent!
2020-04-14 18:10:31,774 [Worker-161: Building] INFO  o.e.m.c.i.embedder.EclipseLogger - Copying 0 resource
2020-04-14 18:14:12,312 [Worker-163: Building] WARN  o.e.m.c.i.embedder.EclipseLogger - Using platform encoding (Cp1252 actually) to copy filtered resources, i.e. build is platform dependent!
2020-04-14 18:14:12,321 [Worker-163: Building] INFO  o.e.m.c.i.embedder.EclipseLogger - Copying 0 resource
2020-04-14 18:14:12,322 [Worker-163: Building] WARN  o.e.m.c.i.embedder.EclipseLogger - Using platform encoding (Cp1252 actually) to copy filtered resources, i.e. build is platform dependent!
2020-04-14 18:14:12,332 [Worker-163: Building] INFO  o.e.m.c.i.embedder.EclipseLogger - Copying 0 resource
2020-04-14 18:14:25,214 [Worker-163: Launching ArraysCompareTest] WARN  o.e.m.c.i.embedder.EclipseLogger - Using platform encoding (Cp1252 actually) to copy filtered resources, i.e. build is platform dependent!
2020-04-14 18:14:25,223 [Worker-163: Launching ArraysCompareTest] INFO  o.e.m.c.i.embedder.EclipseLogger - Copying 0 resource
2020-04-14 18:14:25,225 [Worker-163: Launching ArraysCompareTest] WARN  o.e.m.c.i.embedder.EclipseLogger - Using platform encoding (Cp1252 actually) to copy filtered resources, i.e. build is platform dependent!
2020-04-14 18:14:25,234 [Worker-163: Launching ArraysCompareTest] INFO  o.e.m.c.i.embedder.EclipseLogger - Copying 0 resource
2020-04-14 18:15:48,491 [Worker-163: Building] WARN  o.e.m.c.i.embedder.EclipseLogger - Using platform encoding (Cp1252 actually) to copy filtered resources, i.e. build is platform dependent!
2020-04-14 18:15:48,500 [Worker-163: Building] INFO  o.e.m.c.i.embedder.EclipseLogger - Copying 0 resource
2020-04-14 18:15:48,501 [Worker-163: Building] WARN  o.e.m.c.i.embedder.EclipseLogger - Using platform encoding (Cp1252 actually) to copy filtered resources, i.e. build is platform dependent!
2020-04-14 18:15:48,509 [Worker-163: Building] INFO  o.e.m.c.i.embedder.EclipseLogger - Copying 0 resource
2020-04-14 18:16:25,862 [Worker-164: Building] WARN  o.e.m.c.i.embedder.EclipseLogger - Using platform encoding (Cp1252 actually) to copy filtered resources, i.e. build is platform dependent!
2020-04-14 18:16:25,870 [Worker-164: Building] INFO  o.e.m.c.i.embedder.EclipseLogger - Copying 0 resource
2020-04-14 18:16:25,871 [Worker-164: Building] WARN  o.e.m.c.i.embedder.EclipseLogger - Using platform encoding (Cp1252 actually) to copy filtered resources, i.e. build is platform dependent!
2020-04-14 18:16:25,880 [Worker-164: Building] INFO  o.e.m.c.i.embedder.EclipseLogger - Copying 0 resource
2020-04-14 18:21:23,554 [Worker-165: Building] WARN  o.e.m.c.i.embedder.EclipseLogger - Using platform encoding (Cp1252 actually) to copy filtered resources, i.e. build is platform dependent!
2020-04-14 18:21:23,563 [Worker-165: Building] INFO  o.e.m.c.i.embedder.EclipseLogger - Copying 0 resource
2020-04-14 18:21:23,564 [Worker-165: Building] WARN  o.e.m.c.i.embedder.EclipseLogger - Using platform encoding (Cp1252 actually) to copy filtered resources, i.e. build is platform dependent!
2020-04-14 18:21:23,573 [Worker-165: Building] INFO  o.e.m.c.i.embedder.EclipseLogger - Copying 0 resource
2020-04-14 18:22:04,846 [Worker-167: Launching ArraysCompareTest] WARN  o.e.m.c.i.embedder.EclipseLogger - Using platform encoding (Cp1252 actually) to copy filtered resources, i.e. build is platform dependent!
2020-04-14 18:22:04,857 [Worker-167: Launching ArraysCompareTest] INFO  o.e.m.c.i.embedder.EclipseLogger - Copying 0 resource
2020-04-14 18:22:04,859 [Worker-167: Launching ArraysCompareTest] WARN  o.e.m.c.i.embedder.EclipseLogger - Using platform encoding (Cp1252 actually) to copy filtered resources, i.e. build is platform dependent!
2020-04-14 18:22:04,870 [Worker-167: Launching ArraysCompareTest] INFO  o.e.m.c.i.embedder.EclipseLogger - Copying 0 resource
2020-04-14 18:22:19,171 [Worker-163: Launching ArraysCompareTest] WARN  o.e.m.c.i.embedder.EclipseLogger - Using platform encoding (Cp1252 actually) to copy filtered resources, i.e. build is platform dependent!
2020-04-14 18:22:19,183 [Worker-163: Launching ArraysCompareTest] INFO  o.e.m.c.i.embedder.EclipseLogger - Copying 0 resource
2020-04-14 18:22:19,185 [Worker-163: Launching ArraysCompareTest] WARN  o.e.m.c.i.embedder.EclipseLogger - Using platform encoding (Cp1252 actually) to copy filtered resources, i.e. build is platform dependent!
2020-04-14 18:22:19,193 [Worker-163: Launching ArraysCompareTest] INFO  o.e.m.c.i.embedder.EclipseLogger - Copying 0 resource
2020-04-14 18:22:29,971 [Worker-165: Launching ArraysCompareTest] WARN  o.e.m.c.i.embedder.EclipseLogger - Using platform encoding (Cp1252 actually) to copy filtered resources, i.e. build is platform dependent!
2020-04-14 18:22:29,980 [Worker-165: Launching ArraysCompareTest] INFO  o.e.m.c.i.embedder.EclipseLogger - Copying 0 resource
2020-04-14 18:22:29,981 [Worker-165: Launching ArraysCompareTest] WARN  o.e.m.c.i.embedder.EclipseLogger - Using platform encoding (Cp1252 actually) to copy filtered resources, i.e. build is platform dependent!
2020-04-14 18:22:29,991 [Worker-165: Launching ArraysCompareTest] INFO  o.e.m.c.i.embedder.EclipseLogger - Copying 0 resource
2020-04-14 18:22:38,894 [Worker-165: Launching ArraysCompareTest] WARN  o.e.m.c.i.embedder.EclipseLogger - Using platform encoding (Cp1252 actually) to copy filtered resources, i.e. build is platform dependent!
2020-04-14 18:22:38,903 [Worker-165: Launching ArraysCompareTest] INFO  o.e.m.c.i.embedder.EclipseLogger - Copying 0 resource
2020-04-14 18:22:38,904 [Worker-165: Launching ArraysCompareTest] WARN  o.e.m.c.i.embedder.EclipseLogger - Using platform encoding (Cp1252 actually) to copy filtered resources, i.e. build is platform dependent!
2020-04-14 18:22:38,914 [Worker-165: Launching ArraysCompareTest] INFO  o.e.m.c.i.embedder.EclipseLogger - Copying 0 resource
2020-04-20 11:50:24,316 [Worker-1: Loading available Gradle versions] INFO  o.e.b.c.i.u.g.PublishedGradleVersions - Gradle version information cache is out-of-date. Trying to update.
2020-04-20 18:12:52,878 [Worker-38: Building] WARN  o.e.m.c.i.embedder.EclipseLogger - Using platform encoding (Cp1252 actually) to copy filtered resources, i.e. build is platform dependent!
2020-04-20 18:12:52,894 [Worker-38: Building] INFO  o.e.m.c.i.embedder.EclipseLogger - Copying 0 resource
2020-04-20 18:12:52,896 [Worker-38: Building] WARN  o.e.m.c.i.embedder.EclipseLogger - Using platform encoding (Cp1252 actually) to copy filtered resources, i.e. build is platform dependent!
2020-04-20 18:12:52,906 [Worker-38: Building] INFO  o.e.m.c.i.embedder.EclipseLogger - Copying 0 resource
2020-04-20 18:13:56,290 [Worker-43: Launching StringHelperParameterizedTest] WARN  o.e.m.c.i.embedder.EclipseLogger - Using platform encoding (Cp1252 actually) to copy filtered resources, i.e. build is platform dependent!
2020-04-20 18:13:56,305 [Worker-43: Launching StringHelperParameterizedTest] INFO  o.e.m.c.i.embedder.EclipseLogger - Copying 0 resource
2020-04-20 18:13:56,307 [Worker-43: Launching StringHelperParameterizedTest] WARN  o.e.m.c.i.embedder.EclipseLogger - Using platform encoding (Cp1252 actually) to copy filtered resources, i.e. build is platform dependent!
2020-04-20 18:13:56,321 [Worker-43: Launching StringHelperParameterizedTest] INFO  o.e.m.c.i.embedder.EclipseLogger - Copying 0 resource
2020-04-20 18:16:15,718 [Worker-44: Launching StringHelperParameterizedTest] WARN  o.e.m.c.i.embedder.EclipseLogger - Using platform encoding (Cp1252 actually) to copy filtered resources, i.e. build is platform dependent!
2020-04-20 18:16:15,732 [Worker-44: Launching StringHelperParameterizedTest] INFO  o.e.m.c.i.embedder.EclipseLogger - Copying 0 resource
2020-04-20 18:16:15,735 [Worker-44: Launching StringHelperParameterizedTest] WARN  o.e.m.c.i.embedder.EclipseLogger - Using platform encoding (Cp1252 actually) to copy filtered resources, i.e. build is platform dependent!
2020-04-20 18:16:15,751 [Worker-44: Launching StringHelperParameterizedTest] INFO  o.e.m.c.i.embedder.EclipseLogger - Copying 0 resource
2020-04-20 18:37:46,352 [Worker-54: Launching StringHelperParameterizedTest] WARN  o.e.m.c.i.embedder.EclipseLogger - Using platform encoding (Cp1252 actually) to copy filtered resources, i.e. build is platform dependent!
2020-04-20 18:37:46,364 [Worker-54: Launching StringHelperParameterizedTest] INFO  o.e.m.c.i.embedder.EclipseLogger - Copying 0 resource
2020-04-20 18:37:46,365 [Worker-54: Launching StringHelperParameterizedTest] WARN  o.e.m.c.i.embedder.EclipseLogger - Using platform encoding (Cp1252 actually) to copy filtered resources, i.e. build is platform dependent!
2020-04-20 18:37:46,376 [Worker-54: Launching StringHelperParameterizedTest] INFO  o.e.m.c.i.embedder.EclipseLogger - Copying 0 resource
2020-04-20 18:45:27,331 [Worker-52: Launching StringHelperParameterizedTest] WARN  o.e.m.c.i.embedder.EclipseLogger - Using platform encoding (Cp1252 actually) to copy filtered resources, i.e. build is platform dependent!
2020-04-20 18:45:27,342 [Worker-52: Launching StringHelperParameterizedTest] INFO  o.e.m.c.i.embedder.EclipseLogger - Copying 0 resource
2020-04-20 18:45:27,343 [Worker-52: Launching StringHelperParameterizedTest] WARN  o.e.m.c.i.embedder.EclipseLogger - Using platform encoding (Cp1252 actually) to copy filtered resources, i.e. build is platform dependent!
2020-04-20 18:45:27,354 [Worker-52: Launching StringHelperParameterizedTest] INFO  o.e.m.c.i.embedder.EclipseLogger - Copying 0 resource
2020-04-20 18:51:34,902 [Worker-46: Building] WARN  o.e.m.c.i.embedder.EclipseLogger - Using platform encoding (Cp1252 actually) to copy filtered resources, i.e. build is platform dependent!
2020-04-20 18:51:34,914 [Worker-46: Building] INFO  o.e.m.c.i.embedder.EclipseLogger - Copying 0 resource
2020-04-20 18:51:34,915 [Worker-46: Building] WARN  o.e.m.c.i.embedder.EclipseLogger - Using platform encoding (Cp1252 actually) to copy filtered resources, i.e. build is platform dependent!
2020-04-20 18:51:34,925 [Worker-46: Building] INFO  o.e.m.c.i.embedder.EclipseLogger - Copying 0 resource
2020-04-20 19:07:56,565 [Worker-56: Launching StringHelperParameterizedTestBoolean] WARN  o.e.m.c.i.embedder.EclipseLogger - Using platform encoding (Cp1252 actually) to copy filtered resources, i.e. build is platform dependent!
2020-04-20 19:07:56,580 [Worker-56: Launching StringHelperParameterizedTestBoolean] INFO  o.e.m.c.i.embedder.EclipseLogger - Copying 0 resource
2020-04-20 19:07:56,581 [Worker-56: Launching StringHelperParameterizedTestBoolean] WARN  o.e.m.c.i.embedder.EclipseLogger - Using platform encoding (Cp1252 actually) to copy filtered resources, i.e. build is platform dependent!
2020-04-20 19:07:56,594 [Worker-56: Launching StringHelperParameterizedTestBoolean] INFO  o.e.m.c.i.embedder.EclipseLogger - Copying 0 resource
2020-04-20 19:08:59,347 [Worker-58: Launching StringHelperParameterizedTestBoolean.testAreFirstAndLastTwoCharactersTheSame] WARN  o.e.m.c.i.embedder.EclipseLogger - Using platform encoding (Cp1252 actually) to copy filtered resources, i.e. build is platform dependent!
2020-04-20 19:08:59,356 [Worker-58: Launching StringHelperParameterizedTestBoolean.testAreFirstAndLastTwoCharactersTheSame] INFO  o.e.m.c.i.embedder.EclipseLogger - Copying 0 resource
2020-04-20 19:08:59,359 [Worker-58: Launching StringHelperParameterizedTestBoolean.testAreFirstAndLastTwoCharactersTheSame] WARN  o.e.m.c.i.embedder.EclipseLogger - Using platform encoding (Cp1252 actually) to copy filtered resources, i.e. build is platform dependent!
2020-04-20 19:08:59,370 [Worker-58: Launching StringHelperParameterizedTestBoolean.testAreFirstAndLastTwoCharactersTheSame] INFO  o.e.m.c.i.embedder.EclipseLogger - Copying 0 resource
2020-04-20 19:11:44,043 [Worker-56: Building] WARN  o.e.m.c.i.embedder.EclipseLogger - Using platform encoding (Cp1252 actually) to copy filtered resources, i.e. build is platform dependent!
2020-04-20 19:11:44,057 [Worker-56: Building] INFO  o.e.m.c.i.embedder.EclipseLogger - Copying 0 resource
2020-04-20 19:11:44,058 [Worker-56: Building] WARN  o.e.m.c.i.embedder.EclipseLogger - Using platform encoding (Cp1252 actually) to copy filtered resources, i.e. build is platform dependent!
2020-04-20 19:11:44,068 [Worker-56: Building] INFO  o.e.m.c.i.embedder.EclipseLogger - Copying 0 resource
